<h1 style="background: #CCCCCC;color: #ffffff;padding: 5px;" class="monolog-output">DEBUG</h1><table cellspacing="1" width="100%" class="monolog-output"><tr style="padding: 4px;text-align: left;">
<th style="vertical-align: top;background: #ccc;color: #000" width="100">Message:</th>
<td style="padding: 4px;text-align: left;vertical-align: top;background: #eee;color: #000"><pre>Lista de todos</pre></td>
</tr><tr style="padding: 4px;text-align: left;">
<th style="vertical-align: top;background: #ccc;color: #000" width="100">Time:</th>
<td style="padding: 4px;text-align: left;vertical-align: top;background: #eee;color: #000"><pre>2023-11-20T19:24:05.471964+00:00</pre></td>
</tr><tr style="padding: 4px;text-align: left;">
<th style="vertical-align: top;background: #ccc;color: #000" width="100">Channel:</th>
<td style="padding: 4px;text-align: left;vertical-align: top;background: #eee;color: #000"><pre>miApp</pre></td>
</tr><tr style="padding: 4px;text-align: left;">
<th style="vertical-align: top;background: #ccc;color: #000" width="100">Context:</th>
<td style="padding: 4px;text-align: left;vertical-align: top;background: #eee;color: #000"><table cellspacing="1" width="100%"><tr style="padding: 4px;text-align: left;">
<th style="vertical-align: top;background: #ccc;color: #000" width="100">Alumno0:</th>
<td style="padding: 4px;text-align: left;vertical-align: top;background: #eee;color: #000"><pre>Nombre: asd Apellidos: asd Mail: asd</pre></td>
</tr></table></td>
</tr><tr style="padding: 4px;text-align: left;">
<th style="vertical-align: top;background: #ccc;color: #000" width="100">Extra:</th>
<td style="padding: 4px;text-align: left;vertical-align: top;background: #eee;color: #000"><table cellspacing="1" width="100%"><tr style="padding: 4px;text-align: left;">
<th style="vertical-align: top;background: #ccc;color: #000" width="100">url:</th>
<td style="padding: 4px;text-align: left;vertical-align: top;background: #eee;color: #000"><pre>/ejemploLog/index.php</pre></td>
</tr><tr style="padding: 4px;text-align: left;">
<th style="vertical-align: top;background: #ccc;color: #000" width="100">ip:</th>
<td style="padding: 4px;text-align: left;vertical-align: top;background: #eee;color: #000"><pre>172.18.0.1</pre></td>
</tr><tr style="padding: 4px;text-align: left;">
<th style="vertical-align: top;background: #ccc;color: #000" width="100">http_method:</th>
<td style="padding: 4px;text-align: left;vertical-align: top;background: #eee;color: #000"><pre>POST</pre></td>
</tr><tr style="padding: 4px;text-align: left;">
<th style="vertical-align: top;background: #ccc;color: #000" width="100">server:</th>
<td style="padding: 4px;text-align: left;vertical-align: top;background: #eee;color: #000"><pre></pre></td>
</tr><tr style="padding: 4px;text-align: left;">
<th style="vertical-align: top;background: #ccc;color: #000" width="100">referrer:</th>
<td style="padding: 4px;text-align: left;vertical-align: top;background: #eee;color: #000"><pre>http://localhost:8080/ejemploLog/index.php</pre></td>
</tr></table></td>
</tr></table><h1 style="background: #CCCCCC;color: #ffffff;padding: 5px;" class="monolog-output">DEBUG</h1><table cellspacing="1" width="100%" class="monolog-output"><tr style="padding: 4px;text-align: left;">
<th style="vertical-align: top;background: #ccc;color: #000" width="100">Message:</th>
<td style="padding: 4px;text-align: left;vertical-align: top;background: #eee;color: #000"><pre>Lista de todos</pre></td>
</tr><tr style="padding: 4px;text-align: left;">
<th style="vertical-align: top;background: #ccc;color: #000" width="100">Time:</th>
<td style="padding: 4px;text-align: left;vertical-align: top;background: #eee;color: #000"><pre>2023-11-20T19:24:05.472474+00:00</pre></td>
</tr><tr style="padding: 4px;text-align: left;">
<th style="vertical-align: top;background: #ccc;color: #000" width="100">Channel:</th>
<td style="padding: 4px;text-align: left;vertical-align: top;background: #eee;color: #000"><pre>miApp</pre></td>
</tr><tr style="padding: 4px;text-align: left;">
<th style="vertical-align: top;background: #ccc;color: #000" width="100">Context:</th>
<td style="padding: 4px;text-align: left;vertical-align: top;background: #eee;color: #000"><table cellspacing="1" width="100%"><tr style="padding: 4px;text-align: left;">
<th style="vertical-align: top;background: #ccc;color: #000" width="100">Alumno1:</th>
<td style="padding: 4px;text-align: left;vertical-align: top;background: #eee;color: #000"><pre>Nombre: qwe Apellidos: qwe Mail: qwe</pre></td>
</tr></table></td>
</tr><tr style="padding: 4px;text-align: left;">
<th style="vertical-align: top;background: #ccc;color: #000" width="100">Extra:</th>
<td style="padding: 4px;text-align: left;vertical-align: top;background: #eee;color: #000"><table cellspacing="1" width="100%"><tr style="padding: 4px;text-align: left;">
<th style="vertical-align: top;background: #ccc;color: #000" width="100">url:</th>
<td style="padding: 4px;text-align: left;vertical-align: top;background: #eee;color: #000"><pre>/ejemploLog/index.php</pre></td>
</tr><tr style="padding: 4px;text-align: left;">
<th style="vertical-align: top;background: #ccc;color: #000" width="100">ip:</th>
<td style="padding: 4px;text-align: left;vertical-align: top;background: #eee;color: #000"><pre>172.18.0.1</pre></td>
</tr><tr style="padding: 4px;text-align: left;">
<th style="vertical-align: top;background: #ccc;color: #000" width="100">http_method:</th>
<td style="padding: 4px;text-align: left;vertical-align: top;background: #eee;color: #000"><pre>POST</pre></td>
</tr><tr style="padding: 4px;text-align: left;">
<th style="vertical-align: top;background: #ccc;color: #000" width="100">server:</th>
<td style="padding: 4px;text-align: left;vertical-align: top;background: #eee;color: #000"><pre></pre></td>
</tr><tr style="padding: 4px;text-align: left;">
<th style="vertical-align: top;background: #ccc;color: #000" width="100">referrer:</th>
<td style="padding: 4px;text-align: left;vertical-align: top;background: #eee;color: #000"><pre>http://localhost:8080/ejemploLog/index.php</pre></td>
</tr></table></td>
</tr></table>